<?xml version="1.0" encoding="UTF-8"?>
<testsuite xmlns:xsi="http://www.w3.org/2001/XMLSchema-instance" xsi:noNamespaceSchemaLocation="https://maven.apache.org/surefire/maven-surefire-plugin/xsd/surefire-test-report.xsd" name="lt.mikasdu.ValidatorTest" time="0.001" tests="6" errors="0" skipped="0" failures="0">
  <properties>
    <property name="sun.desktop" value="windows"/>
    <property name="awt.toolkit" value="sun.awt.windows.WToolkit"/>
    <property name="file.encoding.pkg" value="sun.io"/>
    <property name="java.specification.version" value="1.8"/>
    <property name="sun.cpu.isalist" value="amd64"/>
    <property name="sun.jnu.encoding" value="Cp1252"/>
    <property name="java.class.path" value="D:\GitHub\CanteenMenu-Maven-JavaFx\target\test-classes;D:\GitHub\CanteenMenu-Maven-JavaFx\target\classes;C:\Users\Mikas\.m2\repository\org\openjfx\javafx-controls\12.0.2\javafx-controls-12.0.2.jar;C:\Users\Mikas\.m2\repository\org\openjfx\javafx-controls\12.0.2\javafx-controls-12.0.2-win.jar;C:\Users\Mikas\.m2\repository\org\openjfx\javafx-graphics\12.0.2\javafx-graphics-12.0.2.jar;C:\Users\Mikas\.m2\repository\org\openjfx\javafx-graphics\12.0.2\javafx-graphics-12.0.2-win.jar;C:\Users\Mikas\.m2\repository\org\openjfx\javafx-base\12.0.2\javafx-base-12.0.2.jar;C:\Users\Mikas\.m2\repository\org\openjfx\javafx-base\12.0.2\javafx-base-12.0.2-win.jar;C:\Users\Mikas\.m2\repository\org\openjfx\javafx-fxml\12.0.2\javafx-fxml-12.0.2.jar;C:\Users\Mikas\.m2\repository\org\openjfx\javafx-fxml\12.0.2\javafx-fxml-12.0.2-win.jar;C:\Users\Mikas\.m2\repository\org\xerial\sqlite-jdbc\3.8.11.1\sqlite-jdbc-3.8.11.1.jar;C:\Users\Mikas\.m2\repository\com\itextpdf\barcodes\7.1.8\barcodes-7.1.8.jar;C:\Users\Mikas\.m2\repository\com\itextpdf\font-asian\7.1.8\font-asian-7.1.8.jar;C:\Users\Mikas\.m2\repository\com\itextpdf\forms\7.1.8\forms-7.1.8.jar;C:\Users\Mikas\.m2\repository\com\itextpdf\hyph\7.1.8\hyph-7.1.8.jar;C:\Users\Mikas\.m2\repository\com\itextpdf\io\7.1.8\io-7.1.8.jar;C:\Users\Mikas\.m2\repository\com\itextpdf\kernel\7.1.8\kernel-7.1.8.jar;C:\Users\Mikas\.m2\repository\com\itextpdf\layout\7.1.8\layout-7.1.8.jar;C:\Users\Mikas\.m2\repository\com\itextpdf\pdfa\7.1.8\pdfa-7.1.8.jar;C:\Users\Mikas\.m2\repository\com\itextpdf\sign\7.1.8\sign-7.1.8.jar;C:\Users\Mikas\.m2\repository\com\itextpdf\styled-xml-parser\7.1.8\styled-xml-parser-7.1.8.jar;C:\Users\Mikas\.m2\repository\com\itextpdf\svg\7.1.8\svg-7.1.8.jar;C:\Users\Mikas\.m2\repository\org\slf4j\slf4j-api\1.7.5\slf4j-api-1.7.5.jar;C:\Users\Mikas\.m2\repository\org\slf4j\slf4j-log4j12\1.7.5\slf4j-log4j12-1.7.5.jar;C:\Users\Mikas\.m2\repository\log4j\log4j\1.2.17\log4j-1.2.17.jar;C:\Users\Mikas\.m2\repository\junit\junit\4.12\junit-4.12.jar;C:\Users\Mikas\.m2\repository\org\hamcrest\hamcrest-core\1.3\hamcrest-core-1.3.jar;C:\Users\Mikas\.m2\repository\org\apache\maven\surefire\surefire-junit47\3.0.0-M3\surefire-junit47-3.0.0-M3.jar;C:\Users\Mikas\.m2\repository\org\apache\maven\surefire\common-junit48\3.0.0-M3\common-junit48-3.0.0-M3.jar;C:\Users\Mikas\.m2\repository\org\apache\maven\surefire\common-junit4\3.0.0-M3\common-junit4-3.0.0-M3.jar;C:\Users\Mikas\.m2\repository\org\apache\maven\surefire\common-junit3\3.0.0-M3\common-junit3-3.0.0-M3.jar;C:\Users\Mikas\.m2\repository\org\apache\maven\surefire\common-java5\3.0.0-M3\common-java5-3.0.0-M3.jar;C:\Users\Mikas\.m2\repository\org\apache\maven\surefire\surefire-grouper\3.0.0-M3\surefire-grouper-3.0.0-M3.jar;C:\Users\Mikas\.m2\repository\org\apache\maven\surefire\surefire-api\3.0.0-M3\surefire-api-3.0.0-M3.jar;C:\Users\Mikas\.m2\repository\org\apache\maven\surefire\surefire-logger-api\3.0.0-M3\surefire-logger-api-3.0.0-M3.jar;"/>
    <property name="java.vm.vendor" value="Oracle Corporation"/>
    <property name="sun.arch.data.model" value="64"/>
    <property name="user.variant" value=""/>
    <property name="java.vendor.url" value="http://java.oracle.com/"/>
    <property name="user.timezone" value="Europe/Helsinki"/>
    <property name="java.vm.specification.version" value="1.8"/>
    <property name="os.name" value="Windows 7"/>
    <property name="user.country" value="US"/>
    <property name="sun.java.launcher" value="SUN_STANDARD"/>
    <property name="sun.boot.library.path" value="C:\Program Files\Java\jdk1.8.0_202\jre\bin"/>
    <property name="sun.java.command" value="C:\Users\Mikas\AppData\Local\Temp\surefire422629470308037488\surefirebooter7943287814526375336.jar C:\Users\Mikas\AppData\Local\Temp\surefire422629470308037488 2019-09-28T15-55-20_249-jvmRun1 surefire9162638652019277629tmp surefire_01703699507360392391tmp"/>
    <property name="surefire.test.class.path" value="D:\GitHub\CanteenMenu-Maven-JavaFx\target\test-classes;D:\GitHub\CanteenMenu-Maven-JavaFx\target\classes;C:\Users\Mikas\.m2\repository\org\openjfx\javafx-controls\12.0.2\javafx-controls-12.0.2.jar;C:\Users\Mikas\.m2\repository\org\openjfx\javafx-controls\12.0.2\javafx-controls-12.0.2-win.jar;C:\Users\Mikas\.m2\repository\org\openjfx\javafx-graphics\12.0.2\javafx-graphics-12.0.2.jar;C:\Users\Mikas\.m2\repository\org\openjfx\javafx-graphics\12.0.2\javafx-graphics-12.0.2-win.jar;C:\Users\Mikas\.m2\repository\org\openjfx\javafx-base\12.0.2\javafx-base-12.0.2.jar;C:\Users\Mikas\.m2\repository\org\openjfx\javafx-base\12.0.2\javafx-base-12.0.2-win.jar;C:\Users\Mikas\.m2\repository\org\openjfx\javafx-fxml\12.0.2\javafx-fxml-12.0.2.jar;C:\Users\Mikas\.m2\repository\org\openjfx\javafx-fxml\12.0.2\javafx-fxml-12.0.2-win.jar;C:\Users\Mikas\.m2\repository\org\xerial\sqlite-jdbc\3.8.11.1\sqlite-jdbc-3.8.11.1.jar;C:\Users\Mikas\.m2\repository\com\itextpdf\barcodes\7.1.8\barcodes-7.1.8.jar;C:\Users\Mikas\.m2\repository\com\itextpdf\font-asian\7.1.8\font-asian-7.1.8.jar;C:\Users\Mikas\.m2\repository\com\itextpdf\forms\7.1.8\forms-7.1.8.jar;C:\Users\Mikas\.m2\repository\com\itextpdf\hyph\7.1.8\hyph-7.1.8.jar;C:\Users\Mikas\.m2\repository\com\itextpdf\io\7.1.8\io-7.1.8.jar;C:\Users\Mikas\.m2\repository\com\itextpdf\kernel\7.1.8\kernel-7.1.8.jar;C:\Users\Mikas\.m2\repository\com\itextpdf\layout\7.1.8\layout-7.1.8.jar;C:\Users\Mikas\.m2\repository\com\itextpdf\pdfa\7.1.8\pdfa-7.1.8.jar;C:\Users\Mikas\.m2\repository\com\itextpdf\sign\7.1.8\sign-7.1.8.jar;C:\Users\Mikas\.m2\repository\com\itextpdf\styled-xml-parser\7.1.8\styled-xml-parser-7.1.8.jar;C:\Users\Mikas\.m2\repository\com\itextpdf\svg\7.1.8\svg-7.1.8.jar;C:\Users\Mikas\.m2\repository\org\slf4j\slf4j-api\1.7.5\slf4j-api-1.7.5.jar;C:\Users\Mikas\.m2\repository\org\slf4j\slf4j-log4j12\1.7.5\slf4j-log4j12-1.7.5.jar;C:\Users\Mikas\.m2\repository\log4j\log4j\1.2.17\log4j-1.2.17.jar;C:\Users\Mikas\.m2\repository\junit\junit\4.12\junit-4.12.jar;C:\Users\Mikas\.m2\repository\org\hamcrest\hamcrest-core\1.3\hamcrest-core-1.3.jar;C:\Users\Mikas\.m2\repository\org\apache\maven\surefire\surefire-junit47\3.0.0-M3\surefire-junit47-3.0.0-M3.jar;C:\Users\Mikas\.m2\repository\org\apache\maven\surefire\common-junit48\3.0.0-M3\common-junit48-3.0.0-M3.jar;C:\Users\Mikas\.m2\repository\org\apache\maven\surefire\common-junit4\3.0.0-M3\common-junit4-3.0.0-M3.jar;C:\Users\Mikas\.m2\repository\org\apache\maven\surefire\common-junit3\3.0.0-M3\common-junit3-3.0.0-M3.jar;C:\Users\Mikas\.m2\repository\org\apache\maven\surefire\common-java5\3.0.0-M3\common-java5-3.0.0-M3.jar;C:\Users\Mikas\.m2\repository\org\apache\maven\surefire\surefire-grouper\3.0.0-M3\surefire-grouper-3.0.0-M3.jar;C:\Users\Mikas\.m2\repository\org\apache\maven\surefire\surefire-api\3.0.0-M3\surefire-api-3.0.0-M3.jar;C:\Users\Mikas\.m2\repository\org\apache\maven\surefire\surefire-logger-api\3.0.0-M3\surefire-logger-api-3.0.0-M3.jar;"/>
    <property name="sun.cpu.endian" value="little"/>
    <property name="user.home" value="C:\Users\Mikas"/>
    <property name="user.language" value="en"/>
    <property name="java.specification.vendor" value="Oracle Corporation"/>
    <property name="java.home" value="C:\Program Files\Java\jdk1.8.0_202\jre"/>
    <property name="basedir" value="D:\GitHub\CanteenMenu-Maven-JavaFx"/>
    <property name="file.separator" value="\"/>
    <property name="line.separator" value="&#10;"/>
    <property name="idea.version2019.2.3" value="true"/>
    <property name="java.vm.specification.vendor" value="Oracle Corporation"/>
    <property name="java.specification.name" value="Java Platform API Specification"/>
    <property name="java.awt.graphicsenv" value="sun.awt.Win32GraphicsEnvironment"/>
    <property name="surefire.real.class.path" value="C:\Users\Mikas\AppData\Local\Temp\surefire422629470308037488\surefirebooter7943287814526375336.jar"/>
    <property name="sun.boot.class.path" value="C:\Program Files\Java\jdk1.8.0_202\jre\lib\resources.jar;C:\Program Files\Java\jdk1.8.0_202\jre\lib\rt.jar;C:\Program Files\Java\jdk1.8.0_202\jre\lib\sunrsasign.jar;C:\Program Files\Java\jdk1.8.0_202\jre\lib\jsse.jar;C:\Program Files\Java\jdk1.8.0_202\jre\lib\jce.jar;C:\Program Files\Java\jdk1.8.0_202\jre\lib\charsets.jar;C:\Program Files\Java\jdk1.8.0_202\jre\lib\jfr.jar;C:\Program Files\Java\jdk1.8.0_202\jre\classes"/>
    <property name="user.script" value=""/>
    <property name="sun.management.compiler" value="HotSpot 64-Bit Tiered Compilers"/>
    <property name="java.runtime.version" value="1.8.0_202-b08"/>
    <property name="user.name" value="Mikas"/>
    <property name="path.separator" value=";"/>
    <property name="os.version" value="6.1"/>
    <property name="java.endorsed.dirs" value="C:\Program Files\Java\jdk1.8.0_202\jre\lib\endorsed"/>
    <property name="java.runtime.name" value="Java(TM) SE Runtime Environment"/>
    <property name="file.encoding" value="Cp1252"/>
    <property name="java.vm.name" value="Java HotSpot(TM) 64-Bit Server VM"/>
    <property name="localRepository" value="C:\Users\Mikas\.m2\repository"/>
    <property name="java.vendor.url.bug" value="http://bugreport.sun.com/bugreport/"/>
    <property name="java.io.tmpdir" value="C:\Users\Mikas\AppData\Local\Temp\"/>
    <property name="java.version" value="1.8.0_202"/>
    <property name="user.dir" value="D:\GitHub\CanteenMenu-Maven-JavaFx"/>
    <property name="os.arch" value="amd64"/>
    <property name="java.vm.specification.name" value="Java Virtual Machine Specification"/>
    <property name="java.awt.printerjob" value="sun.awt.windows.WPrinterJob"/>
    <property name="sun.os.patch.level" value="Service Pack 1"/>
    <property name="java.library.path" value="C:\Program Files\Java\jdk1.8.0_202\jre\bin;C:\Windows\Sun\Java\bin;C:\Windows\system32;C:\Windows;C:\Program Files (x86)\Common Files\Oracle\Java\javapath;C:\Program Files (x86)\Intel\iCLS Client\;C:\Program Files\Intel\iCLS Client\;C:\Program Files (x86)\AMD APP\bin\x86_64;C:\Program Files (x86)\AMD APP\bin\x86;C:\Windows\system32;C:\Windows;C:\Windows\System32\Wbem;C:\Windows\System32\WindowsPowerShell\v1.0\;C:\Program Files\Intel\WiFi\bin\;C:\Program Files\Common Files\Intel\WirelessCommon\;C:\Program Files (x86)\ATI Technologies\ATI.ACE\Core-Static;C:\Program Files (x86)\Intel\UCRT\;C:\Program Files\Intel\UCRT\;C:\Program Files (x86)\Intel\Intel(R) Management Engine Components\DAL;C:\Program Files\Intel\Intel(R) Management Engine Components\DAL;C:\Program Files (x86)\Intel\Intel(R) Management Engine Components\IPT;C:\Program Files\Intel\Intel(R) Management Engine Components\IPT;C:\Program Files\Git\cmd;C:\Program Files (x86)\GitExtensions\;C:\Program Files\Intel\WiFi\bin\;C:\Program Files\Common Files\Intel\WirelessCommon\;C:\Program Files\Java\jdk1.8.0_202\bin;C:\Program Files\JetBrains\IntelliJ IDEA Community Edition 2019.2.2\bin;;."/>
    <property name="java.vm.info" value="mixed mode"/>
    <property name="java.vendor" value="Oracle Corporation"/>
    <property name="java.vm.version" value="25.202-b08"/>
    <property name="java.ext.dirs" value="C:\Program Files\Java\jdk1.8.0_202\jre\lib\ext;C:\Windows\Sun\Java\lib\ext"/>
    <property name="sun.io.unicode.encoding" value="UnicodeLittle"/>
    <property name="java.class.version" value="52.0"/>
  </properties>
  <testcase name="validatorStringValidEmpty" classname="lt.mikasdu.ValidatorTest" time="0"/>
  <testcase name="validatorExistingFileNotAsDirectory" classname="lt.mikasdu.ValidatorTest" time="0"/>
  <testcase name="validatorExistingDirectory" classname="lt.mikasdu.ValidatorTest" time="0"/>
  <testcase name="validatorStringValidMinMax" classname="lt.mikasdu.ValidatorTest" time="0"/>
  <testcase name="validatorNotExistingDirectory" classname="lt.mikasdu.ValidatorTest" time="0"/>
  <testcase name="validatorStringValidNull" classname="lt.mikasdu.ValidatorTest" time="0"/>
</testsuite>